2025-02-20 18:34:02 INFO  DatabaseManager:23 - Connected to the database.
2025-02-20 18:34:02 INFO  App:28 - 
===== Payment App Menu =====
2025-02-20 18:34:02 INFO  App:29 - 1. Register User
2025-02-20 18:34:02 INFO  App:30 - 2. Login
2025-02-20 18:34:02 INFO  App:31 - 3. Exit
2025-02-20 18:34:02 INFO  App:32 - Choose an option: 
2025-02-20 18:34:13 INFO  App:48 - Enter phone number: 
2025-02-20 18:34:17 INFO  App:50 - Enter password: 
2025-02-20 18:34:20 INFO  UserService:47 - Login successful. User ID: 2
2025-02-20 18:34:20 INFO  App:67 - 
===== Wellcome to Command line payment application =====
2025-02-20 18:34:20 INFO  App:68 - 1. Update Profile
2025-02-20 18:34:20 INFO  App:69 - 2. Check Wallet balance
2025-02-20 18:34:20 INFO  App:70 - 3. Add Money to Wallet
2025-02-20 18:34:20 INFO  App:71 - 4. Make Payment
2025-02-20 18:34:20 INFO  App:72 - 5. Refund Transaction
2025-02-20 18:34:20 INFO  App:73 - 6. View Transaction History
2025-02-20 18:34:20 INFO  App:74 - 7. Logout
2025-02-20 18:34:20 INFO  App:75 - Choose an option: 
2025-02-20 18:34:32 INFO  UserService:86 - Logged out successfully.
2025-02-20 18:34:32 INFO  App:28 - 
===== Payment App Menu =====
2025-02-20 18:34:32 INFO  App:29 - 1. Register User
2025-02-20 18:34:32 INFO  App:30 - 2. Login
2025-02-20 18:34:32 INFO  App:31 - 3. Exit
2025-02-20 18:34:32 INFO  App:32 - Choose an option: 
2025-02-20 18:34:33 INFO  App:57 - Exiting the application. Goodbye!
2025-02-20 18:34:33 INFO  DatabaseManager:39 - Database connection closed.
